c:\users\bartek\desktop\github\simulation\m1\x64\debug\vc141.pdb
c:\users\bartek\desktop\github\simulation\m1\x64\debug\vc141.idb
c:\users\bartek\desktop\github\simulation\m1\x64\debug\simulation.obj
c:\users\bartek\desktop\github\simulation\m1\x64\debug\rng.obj
c:\users\bartek\desktop\github\simulation\m1\x64\debug\process.obj
c:\users\bartek\desktop\github\simulation\m1\x64\debug\kernels.obj
c:\users\bartek\desktop\github\simulation\m1\x64\debug\io.obj
c:\users\bartek\desktop\github\simulation\m1\x64\debug\index.obj
c:\users\bartek\desktop\github\simulation\m1\x64\debug\generator.obj
c:\users\bartek\desktop\github\simulation\m1\x64\debug\deviceq.obj
c:\users\bartek\desktop\github\simulation\m1\x64\debug\cpuscheduler.obj
c:\users\bartek\desktop\github\simulation\m1\x64\debug\cpu.obj
c:\users\bartek\desktop\github\simulation\x64\debug\m1.ilk
c:\users\bartek\desktop\github\simulation\x64\debug\m1.exe
c:\users\bartek\desktop\github\simulation\x64\debug\m1.pdb
c:\users\bartek\desktop\github\simulation\m1\x64\debug\m1.tlog\cl.command.1.tlog
c:\users\bartek\desktop\github\simulation\m1\x64\debug\m1.tlog\cl.read.1.tlog
c:\users\bartek\desktop\github\simulation\m1\x64\debug\m1.tlog\cl.write.1.tlog
c:\users\bartek\desktop\github\simulation\m1\x64\debug\m1.tlog\link.command.1.tlog
c:\users\bartek\desktop\github\simulation\m1\x64\debug\m1.tlog\link.read.1.tlog
c:\users\bartek\desktop\github\simulation\m1\x64\debug\m1.tlog\link.write.1.tlog
