c:\users\bartek\desktop\gotowy projekt\m1 — kopia — kopia\m1\debug\vc141.pdb
c:\users\bartek\desktop\gotowy projekt\m1 — kopia — kopia\m1\debug\vc141.idb
c:\users\bartek\desktop\gotowy projekt\m1 — kopia — kopia\m1\debug\simulation.obj
c:\users\bartek\desktop\gotowy projekt\m1 — kopia — kopia\m1\debug\readyq.obj
c:\users\bartek\desktop\gotowy projekt\m1 — kopia — kopia\m1\debug\process.obj
c:\users\bartek\desktop\gotowy projekt\m1 — kopia — kopia\m1\debug\io.obj
c:\users\bartek\desktop\gotowy projekt\m1 — kopia — kopia\m1\debug\index.obj
c:\users\bartek\desktop\gotowy projekt\m1 — kopia — kopia\m1\debug\deviceq.obj
c:\users\bartek\desktop\gotowy projekt\m1 — kopia — kopia\m1\debug\cpuscheduler.obj
c:\users\bartek\desktop\gotowy projekt\m1 — kopia — kopia\m1\debug\cpu.obj
c:\users\bartek\desktop\gotowy projekt\m1 — kopia — kopia\debug\m1.exe
c:\users\bartek\desktop\gotowy projekt\m1 — kopia — kopia\debug\m1.ilk
c:\users\bartek\desktop\gotowy projekt\m1 — kopia — kopia\debug\m1.pdb
c:\users\bartek\desktop\gotowy projekt\m1 — kopia — kopia\m1\debug\simulation.obj.enc
c:\users\bartek\desktop\gotowy projekt\m1 — kopia — kopia\m1\debug\m1.tlog\cl.command.1.tlog
c:\users\bartek\desktop\gotowy projekt\m1 — kopia — kopia\m1\debug\m1.tlog\cl.read.1.tlog
c:\users\bartek\desktop\gotowy projekt\m1 — kopia — kopia\m1\debug\m1.tlog\cl.write.1.tlog
c:\users\bartek\desktop\gotowy projekt\m1 — kopia — kopia\m1\debug\m1.tlog\link.command.1.tlog
c:\users\bartek\desktop\gotowy projekt\m1 — kopia — kopia\m1\debug\m1.tlog\link.read.1.tlog
c:\users\bartek\desktop\gotowy projekt\m1 — kopia — kopia\m1\debug\m1.tlog\link.write.1.tlog
